2024-08-19 02:03:50.879 [background-preinit] INFO  o.h.validator.internal.util.Version - HV000001: Hibernate Validator 8.0.1.Final
2024-08-19 02:03:51.585 [main] INFO  c.project.eduapp.EduappApplication - Starting EduappApplication using Java 17.0.10 with PID 13088 (C:\Users\Admin\IdeaProjects\Shopapp\shopapp-backend\target\classes started by Admin in C:\Users\Admin\IdeaProjects\Shopapp\shopapp-backend)
2024-08-19 02:03:51.592 [main] INFO  c.project.eduapp.EduappApplication - No active profile set, falling back to 1 default profile: "default"
2024-08-19 02:04:04.068 [main] INFO  o.s.d.r.c.RepositoryConfigurationDelegate - Multiple Spring Data modules found, entering strict repository configuration mode
2024-08-19 02:04:04.074 [main] INFO  o.s.d.r.c.RepositoryConfigurationDelegate - Bootstrapping Spring Data JPA repositories in DEFAULT mode.
2024-08-19 02:04:04.974 [main] INFO  o.s.d.r.c.RepositoryConfigurationDelegate - Finished Spring Data repository scanning in 878 ms. Found 13 JPA repository interfaces.
2024-08-19 02:04:05.024 [main] INFO  o.s.d.r.c.RepositoryConfigurationDelegate - Multiple Spring Data modules found, entering strict repository configuration mode
2024-08-19 02:04:05.028 [main] INFO  o.s.d.r.c.RepositoryConfigurationDelegate - Bootstrapping Spring Data Redis repositories in DEFAULT mode.
2024-08-19 02:04:05.114 [main] INFO  o.s.d.r.c.RepositoryConfigurationExtensionSupport - Spring Data Redis - Could not safely identify store assignment for repository candidate interface com.project.eduapp.repositories.CategoryRepository; If you want this repository to be a Redis repository, consider annotating your entities with one of these annotations: org.springframework.data.redis.core.RedisHash (preferred), or consider extending one of the following types with your repository: org.springframework.data.keyvalue.repository.KeyValueRepository
2024-08-19 02:04:05.116 [main] INFO  o.s.d.r.c.RepositoryConfigurationExtensionSupport - Spring Data Redis - Could not safely identify store assignment for repository candidate interface com.project.eduapp.repositories.CommentRepository; If you want this repository to be a Redis repository, consider annotating your entities with one of these annotations: org.springframework.data.redis.core.RedisHash (preferred), or consider extending one of the following types with your repository: org.springframework.data.keyvalue.repository.KeyValueRepository
2024-08-19 02:04:05.117 [main] INFO  o.s.d.r.c.RepositoryConfigurationExtensionSupport - Spring Data Redis - Could not safely identify store assignment for repository candidate interface com.project.eduapp.repositories.CouponConditionRepository; If you want this repository to be a Redis repository, consider annotating your entities with one of these annotations: org.springframework.data.redis.core.RedisHash (preferred), or consider extending one of the following types with your repository: org.springframework.data.keyvalue.repository.KeyValueRepository
2024-08-19 02:04:05.120 [main] INFO  o.s.d.r.c.RepositoryConfigurationExtensionSupport - Spring Data Redis - Could not safely identify store assignment for repository candidate interface com.project.eduapp.repositories.CouponRepository; If you want this repository to be a Redis repository, consider annotating your entities with one of these annotations: org.springframework.data.redis.core.RedisHash (preferred), or consider extending one of the following types with your repository: org.springframework.data.keyvalue.repository.KeyValueRepository
2024-08-19 02:04:05.122 [main] INFO  o.s.d.r.c.RepositoryConfigurationExtensionSupport - Spring Data Redis - Could not safely identify store assignment for repository candidate interface com.project.eduapp.repositories.FavoriteRepository; If you want this repository to be a Redis repository, consider annotating your entities with one of these annotations: org.springframework.data.redis.core.RedisHash (preferred), or consider extending one of the following types with your repository: org.springframework.data.keyvalue.repository.KeyValueRepository
2024-08-19 02:04:05.132 [main] INFO  o.s.d.r.c.RepositoryConfigurationExtensionSupport - Spring Data Redis - Could not safely identify store assignment for repository candidate interface com.project.eduapp.repositories.LessonRepository; If you want this repository to be a Redis repository, consider annotating your entities with one of these annotations: org.springframework.data.redis.core.RedisHash (preferred), or consider extending one of the following types with your repository: org.springframework.data.keyvalue.repository.KeyValueRepository
2024-08-19 02:04:05.133 [main] INFO  o.s.d.r.c.RepositoryConfigurationExtensionSupport - Spring Data Redis - Could not safely identify store assignment for repository candidate interface com.project.eduapp.repositories.ProductImageRepository; If you want this repository to be a Redis repository, consider annotating your entities with one of these annotations: org.springframework.data.redis.core.RedisHash (preferred), or consider extending one of the following types with your repository: org.springframework.data.keyvalue.repository.KeyValueRepository
2024-08-19 02:04:05.134 [main] INFO  o.s.d.r.c.RepositoryConfigurationExtensionSupport - Spring Data Redis - Could not safely identify store assignment for repository candidate interface com.project.eduapp.repositories.ProductVideoRepository; If you want this repository to be a Redis repository, consider annotating your entities with one of these annotations: org.springframework.data.redis.core.RedisHash (preferred), or consider extending one of the following types with your repository: org.springframework.data.keyvalue.repository.KeyValueRepository
2024-08-19 02:04:05.136 [main] INFO  o.s.d.r.c.RepositoryConfigurationExtensionSupport - Spring Data Redis - Could not safely identify store assignment for repository candidate interface com.project.eduapp.repositories.ProgressDetailRepository; If you want this repository to be a Redis repository, consider annotating your entities with one of these annotations: org.springframework.data.redis.core.RedisHash (preferred), or consider extending one of the following types with your repository: org.springframework.data.keyvalue.repository.KeyValueRepository
2024-08-19 02:04:05.137 [main] INFO  o.s.d.r.c.RepositoryConfigurationExtensionSupport - Spring Data Redis - Could not safely identify store assignment for repository candidate interface com.project.eduapp.repositories.ProgressRepository; If you want this repository to be a Redis repository, consider annotating your entities with one of these annotations: org.springframework.data.redis.core.RedisHash (preferred), or consider extending one of the following types with your repository: org.springframework.data.keyvalue.repository.KeyValueRepository
2024-08-19 02:04:05.139 [main] INFO  o.s.d.r.c.RepositoryConfigurationExtensionSupport - Spring Data Redis - Could not safely identify store assignment for repository candidate interface com.project.eduapp.repositories.RoleRepository; If you want this repository to be a Redis repository, consider annotating your entities with one of these annotations: org.springframework.data.redis.core.RedisHash (preferred), or consider extending one of the following types with your repository: org.springframework.data.keyvalue.repository.KeyValueRepository
2024-08-19 02:04:05.144 [main] INFO  o.s.d.r.c.RepositoryConfigurationExtensionSupport - Spring Data Redis - Could not safely identify store assignment for repository candidate interface com.project.eduapp.repositories.TokenRepository; If you want this repository to be a Redis repository, consider annotating your entities with one of these annotations: org.springframework.data.redis.core.RedisHash (preferred), or consider extending one of the following types with your repository: org.springframework.data.keyvalue.repository.KeyValueRepository
2024-08-19 02:04:05.146 [main] INFO  o.s.d.r.c.RepositoryConfigurationExtensionSupport - Spring Data Redis - Could not safely identify store assignment for repository candidate interface com.project.eduapp.repositories.UserRepository; If you want this repository to be a Redis repository, consider annotating your entities with one of these annotations: org.springframework.data.redis.core.RedisHash (preferred), or consider extending one of the following types with your repository: org.springframework.data.keyvalue.repository.KeyValueRepository
2024-08-19 02:04:05.147 [main] INFO  o.s.d.r.c.RepositoryConfigurationDelegate - Finished Spring Data repository scanning in 56 ms. Found 0 Redis repository interfaces.
2024-08-19 02:04:10.370 [main] INFO  o.s.b.w.e.tomcat.TomcatWebServer - Tomcat initialized with port(s): 8088 (http)
2024-08-19 02:04:10.404 [main] INFO  o.a.coyote.http11.Http11NioProtocol - Initializing ProtocolHandler ["http-nio-8088"]
2024-08-19 02:04:10.411 [main] INFO  o.a.catalina.core.StandardService - Starting service [Tomcat]
2024-08-19 02:04:10.413 [main] INFO  o.a.catalina.core.StandardEngine - Starting Servlet engine: [Apache Tomcat/10.1.11]
2024-08-19 02:04:11.177 [main] INFO  o.a.c.c.C.[Tomcat].[localhost].[/] - Initializing Spring embedded WebApplicationContext
2024-08-19 02:04:11.185 [main] INFO  o.s.b.w.s.c.ServletWebServerApplicationContext - Root WebApplicationContext: initialization completed in 19083 ms
2024-08-19 02:04:12.688 [main] INFO  o.h.jpa.internal.util.LogHelper - HHH000204: Processing PersistenceUnitInfo [name: default]
2024-08-19 02:04:12.970 [main] INFO  org.hibernate.Version - HHH000412: Hibernate ORM core version 6.2.6.Final
2024-08-19 02:04:12.977 [main] INFO  org.hibernate.cfg.Environment - HHH000406: Using bytecode reflection optimizer
2024-08-19 02:04:13.520 [main] INFO  o.h.b.i.BytecodeProviderInitiator - HHH000021: Bytecode provider name : bytebuddy
2024-08-19 02:04:13.932 [main] INFO  o.s.o.j.p.SpringPersistenceUnitInfo - No LoadTimeWeaver setup: ignoring JPA class transformer
2024-08-19 02:04:13.980 [main] INFO  com.zaxxer.hikari.HikariDataSource - HikariPool-1 - Starting...
2024-08-19 02:04:14.545 [main] INFO  com.zaxxer.hikari.pool.HikariPool - HikariPool-1 - Added connection com.mysql.cj.jdbc.ConnectionImpl@58041b11
2024-08-19 02:04:14.550 [main] INFO  com.zaxxer.hikari.HikariDataSource - HikariPool-1 - Start completed.
2024-08-19 02:04:15.909 [main] INFO  o.h.b.i.BytecodeProviderInitiator - HHH000021: Bytecode provider name : bytebuddy
2024-08-19 02:04:16.242 [main] INFO  c.p.e.configurations.RedisConfig - redisHost = localhost, redisPort = 6379
2024-08-19 02:04:20.670 [main] INFO  o.h.e.t.j.p.i.JtaPlatformInitiator - HHH000490: Using JtaPlatform implementation: [org.hibernate.engine.transaction.jta.platform.internal.NoJtaPlatform]
2024-08-19 02:04:20.678 [main] INFO  o.s.o.j.LocalContainerEntityManagerFactoryBean - Initialized JPA EntityManagerFactory for persistence unit 'default'
2024-08-19 02:04:21.933 [main] INFO  o.s.d.j.r.query.QueryEnhancerFactory - Hibernate is in classpath; If applicable, HQL parser will be used.
2024-08-19 02:04:26.535 [main] INFO  o.s.b.a.e.web.EndpointLinksResolver - Exposing 2 endpoint(s) beneath base path '/api/v1/actuator'
2024-08-19 02:04:26.756 [main] WARN  o.s.b.a.o.j.JpaBaseConfiguration$JpaWebConfiguration - spring.jpa.open-in-view is enabled by default. Therefore, database queries may be performed during view rendering. Explicitly configure spring.jpa.open-in-view to disable this warning
2024-08-19 02:04:27.650 [main] DEBUG o.s.s.a.p.PrePostAnnotationSecurityMetadataSource - @org.springframework.security.access.prepost.PreAuthorize("hasRole(\'ROLE_ADMIN\')") found on specific method: public org.springframework.http.ResponseEntity com.project.eduapp.controllers.CategoryController.createCategory(com.project.eduapp.dtos.CategoryDTO,org.springframework.validation.BindingResult)
2024-08-19 02:04:27.656 [main] DEBUG o.s.s.a.m.DelegatingMethodSecurityMetadataSource - Caching method [CacheKey[com.project.eduapp.controllers.CategoryController; public org.springframework.http.ResponseEntity com.project.eduapp.controllers.CategoryController.createCategory(com.project.eduapp.dtos.CategoryDTO,org.springframework.validation.BindingResult)]] with attributes [[authorize: 'hasRole('ROLE_ADMIN')', filter: 'null', filterTarget: 'null']]
2024-08-19 02:04:27.712 [main] DEBUG o.s.s.a.p.PrePostAnnotationSecurityMetadataSource - @org.springframework.security.access.prepost.PreAuthorize("hasRole(\'ROLE_ADMIN\')") found on specific method: public org.springframework.http.ResponseEntity com.project.eduapp.controllers.CategoryController.updateCategory(java.lang.Long,com.project.eduapp.dtos.CategoryDTO)
2024-08-19 02:04:27.714 [main] DEBUG o.s.s.a.m.DelegatingMethodSecurityMetadataSource - Caching method [CacheKey[com.project.eduapp.controllers.CategoryController; public org.springframework.http.ResponseEntity com.project.eduapp.controllers.CategoryController.updateCategory(java.lang.Long,com.project.eduapp.dtos.CategoryDTO)]] with attributes [[authorize: 'hasRole('ROLE_ADMIN')', filter: 'null', filterTarget: 'null']]
2024-08-19 02:04:27.715 [main] DEBUG o.s.s.a.p.PrePostAnnotationSecurityMetadataSource - @org.springframework.security.access.prepost.PreAuthorize("hasRole(\'ROLE_ADMIN\')") found on specific method: public org.springframework.http.ResponseEntity com.project.eduapp.controllers.CategoryController.deleteCategory(java.lang.Long) throws java.lang.Exception
2024-08-19 02:04:27.717 [main] DEBUG o.s.s.a.m.DelegatingMethodSecurityMetadataSource - Caching method [CacheKey[com.project.eduapp.controllers.CategoryController; public org.springframework.http.ResponseEntity com.project.eduapp.controllers.CategoryController.deleteCategory(java.lang.Long) throws java.lang.Exception]] with attributes [[authorize: 'hasRole('ROLE_ADMIN')', filter: 'null', filterTarget: 'null']]
2024-08-19 02:04:28.018 [main] DEBUG o.s.s.a.p.PrePostAnnotationSecurityMetadataSource - @org.springframework.security.access.prepost.PreAuthorize("hasRole(\'ROLE_ADMIN\') or hasRole(\'ROLE_USER\')") found on specific method: public org.springframework.http.ResponseEntity com.project.eduapp.controllers.CommentController.updateComment(java.lang.Long,com.project.eduapp.dtos.CommentDTO) throws java.lang.Exception
2024-08-19 02:04:28.019 [main] DEBUG o.s.s.a.m.DelegatingMethodSecurityMetadataSource - Caching method [CacheKey[com.project.eduapp.controllers.CommentController; public org.springframework.http.ResponseEntity com.project.eduapp.controllers.CommentController.updateComment(java.lang.Long,com.project.eduapp.dtos.CommentDTO) throws java.lang.Exception]] with attributes [[authorize: 'hasRole('ROLE_ADMIN') or hasRole('ROLE_USER')', filter: 'null', filterTarget: 'null']]
2024-08-19 02:04:28.024 [main] DEBUG o.s.s.a.p.PrePostAnnotationSecurityMetadataSource - @org.springframework.security.access.prepost.PreAuthorize("hasRole(\'ROLE_ADMIN\') or hasRole(\'ROLE_USER\')") found on specific method: public org.springframework.http.ResponseEntity com.project.eduapp.controllers.CommentController.insertComment(com.project.eduapp.dtos.CommentDTO)
2024-08-19 02:04:28.024 [main] DEBUG o.s.s.a.m.DelegatingMethodSecurityMetadataSource - Caching method [CacheKey[com.project.eduapp.controllers.CommentController; public org.springframework.http.ResponseEntity com.project.eduapp.controllers.CommentController.insertComment(com.project.eduapp.dtos.CommentDTO)]] with attributes [[authorize: 'hasRole('ROLE_ADMIN') or hasRole('ROLE_USER')', filter: 'null', filterTarget: 'null']]
2024-08-19 02:04:28.494 [main] DEBUG o.s.s.a.p.PrePostAnnotationSecurityMetadataSource - @org.springframework.security.access.prepost.PreAuthorize("hasRole(\'ROLE_ADMIN\')") found on specific method: public org.springframework.http.ResponseEntity com.project.eduapp.controllers.ProductController.createProduct(com.project.eduapp.dtos.ProductDTO,org.springframework.validation.BindingResult) throws java.lang.Exception
2024-08-19 02:04:28.494 [main] DEBUG o.s.s.a.m.DelegatingMethodSecurityMetadataSource - Caching method [CacheKey[com.project.eduapp.controllers.ProductController; public org.springframework.http.ResponseEntity com.project.eduapp.controllers.ProductController.createProduct(com.project.eduapp.dtos.ProductDTO,org.springframework.validation.BindingResult) throws java.lang.Exception]] with attributes [[authorize: 'hasRole('ROLE_ADMIN')', filter: 'null', filterTarget: 'null']]
2024-08-19 02:04:28.508 [main] DEBUG o.s.s.a.p.PrePostAnnotationSecurityMetadataSource - @org.springframework.security.access.prepost.PreAuthorize("hasRole(\'ROLE_ADMIN\') or hasRole(\'ROLE_USER\')") found on specific method: public org.springframework.http.ResponseEntity com.project.eduapp.controllers.ProductController.findFavoriteProductsByUserId() throws java.lang.Exception
2024-08-19 02:04:28.509 [main] DEBUG o.s.s.a.m.DelegatingMethodSecurityMetadataSource - Caching method [CacheKey[com.project.eduapp.controllers.ProductController; public org.springframework.http.ResponseEntity com.project.eduapp.controllers.ProductController.findFavoriteProductsByUserId() throws java.lang.Exception]] with attributes [[authorize: 'hasRole('ROLE_ADMIN') or hasRole('ROLE_USER')', filter: 'null', filterTarget: 'null']]
2024-08-19 02:04:28.510 [main] DEBUG o.s.s.a.p.PrePostAnnotationSecurityMetadataSource - @org.springframework.security.access.prepost.PreAuthorize("hasRole(\'ROLE_ADMIN\')") found on specific method: public org.springframework.http.ResponseEntity com.project.eduapp.controllers.ProductController.deleteProduct(long)
2024-08-19 02:04:28.510 [main] DEBUG o.s.s.a.m.DelegatingMethodSecurityMetadataSource - Caching method [CacheKey[com.project.eduapp.controllers.ProductController; public org.springframework.http.ResponseEntity com.project.eduapp.controllers.ProductController.deleteProduct(long)]] with attributes [[authorize: 'hasRole('ROLE_ADMIN')', filter: 'null', filterTarget: 'null']]
2024-08-19 02:04:28.511 [main] DEBUG o.s.s.a.p.PrePostAnnotationSecurityMetadataSource - @org.springframework.security.access.prepost.PreAuthorize("hasRole(\'ROLE_ADMIN\')") found on specific method: public org.springframework.http.ResponseEntity com.project.eduapp.controllers.ProductController.uploadImages(java.lang.Long,java.util.List) throws java.lang.Exception
2024-08-19 02:04:28.512 [main] DEBUG o.s.s.a.m.DelegatingMethodSecurityMetadataSource - Caching method [CacheKey[com.project.eduapp.controllers.ProductController; public org.springframework.http.ResponseEntity com.project.eduapp.controllers.ProductController.uploadImages(java.lang.Long,java.util.List) throws java.lang.Exception]] with attributes [[authorize: 'hasRole('ROLE_ADMIN')', filter: 'null', filterTarget: 'null']]
2024-08-19 02:04:28.512 [main] DEBUG o.s.s.a.p.PrePostAnnotationSecurityMetadataSource - @org.springframework.security.access.prepost.PreAuthorize("hasRole(\'ROLE_ADMIN\')") found on specific method: public org.springframework.http.ResponseEntity com.project.eduapp.controllers.ProductController.updateProduct(long,com.project.eduapp.dtos.ProductDTO) throws java.lang.Exception
2024-08-19 02:04:28.513 [main] DEBUG o.s.s.a.m.DelegatingMethodSecurityMetadataSource - Caching method [CacheKey[com.project.eduapp.controllers.ProductController; public org.springframework.http.ResponseEntity com.project.eduapp.controllers.ProductController.updateProduct(long,com.project.eduapp.dtos.ProductDTO) throws java.lang.Exception]] with attributes [[authorize: 'hasRole('ROLE_ADMIN')', filter: 'null', filterTarget: 'null']]
2024-08-19 02:04:28.513 [main] DEBUG o.s.s.a.p.PrePostAnnotationSecurityMetadataSource - @org.springframework.security.access.prepost.PreAuthorize("hasRole(\'ROLE_ADMIN\') or hasRole(\'ROLE_USER\')") found on specific method: public org.springframework.http.ResponseEntity com.project.eduapp.controllers.ProductController.likeProduct(java.lang.Long) throws java.lang.Exception
2024-08-19 02:04:28.514 [main] DEBUG o.s.s.a.m.DelegatingMethodSecurityMetadataSource - Caching method [CacheKey[com.project.eduapp.controllers.ProductController; public org.springframework.http.ResponseEntity com.project.eduapp.controllers.ProductController.likeProduct(java.lang.Long) throws java.lang.Exception]] with attributes [[authorize: 'hasRole('ROLE_ADMIN') or hasRole('ROLE_USER')', filter: 'null', filterTarget: 'null']]
2024-08-19 02:04:28.515 [main] DEBUG o.s.s.a.p.PrePostAnnotationSecurityMetadataSource - @org.springframework.security.access.prepost.PreAuthorize("hasRole(\'ROLE_ADMIN\') or hasRole(\'ROLE_USER\')") found on specific method: public org.springframework.http.ResponseEntity com.project.eduapp.controllers.ProductController.unlikeProduct(java.lang.Long) throws java.lang.Exception
2024-08-19 02:04:28.516 [main] DEBUG o.s.s.a.m.DelegatingMethodSecurityMetadataSource - Caching method [CacheKey[com.project.eduapp.controllers.ProductController; public org.springframework.http.ResponseEntity com.project.eduapp.controllers.ProductController.unlikeProduct(java.lang.Long) throws java.lang.Exception]] with attributes [[authorize: 'hasRole('ROLE_ADMIN') or hasRole('ROLE_USER')', filter: 'null', filterTarget: 'null']]
2024-08-19 02:04:28.517 [main] DEBUG o.s.s.a.p.PrePostAnnotationSecurityMetadataSource - @org.springframework.security.access.prepost.PreAuthorize("hasRole(\'ROLE_ADMIN\')") found on specific method: public org.springframework.http.ResponseEntity com.project.eduapp.controllers.ProductController.uploadVideos(java.lang.Long,java.util.List) throws java.lang.Exception
2024-08-19 02:04:28.519 [main] DEBUG o.s.s.a.m.DelegatingMethodSecurityMetadataSource - Caching method [CacheKey[com.project.eduapp.controllers.ProductController; public org.springframework.http.ResponseEntity com.project.eduapp.controllers.ProductController.uploadVideos(java.lang.Long,java.util.List) throws java.lang.Exception]] with attributes [[authorize: 'hasRole('ROLE_ADMIN')', filter: 'null', filterTarget: 'null']]
2024-08-19 02:04:28.541 [main] DEBUG o.s.s.a.p.PrePostAnnotationSecurityMetadataSource - @org.springframework.security.access.prepost.PreAuthorize("hasRole(\'ROLE_ADMIN\')") found on specific method: public org.springframework.http.ResponseEntity com.project.eduapp.controllers.ProductImageController.delete(java.lang.Long) throws java.lang.Exception
2024-08-19 02:04:28.542 [main] DEBUG o.s.s.a.m.DelegatingMethodSecurityMetadataSource - Caching method [CacheKey[com.project.eduapp.controllers.ProductImageController; public org.springframework.http.ResponseEntity com.project.eduapp.controllers.ProductImageController.delete(java.lang.Long) throws java.lang.Exception]] with attributes [[authorize: 'hasRole('ROLE_ADMIN')', filter: 'null', filterTarget: 'null']]
2024-08-19 02:04:28.823 [main] DEBUG o.s.s.a.p.PrePostAnnotationSecurityMetadataSource - @org.springframework.security.access.prepost.PreAuthorize("hasRole(\'ROLE_ADMIN\') or hasRole(\'ROLE_USER\')") found on specific method: public org.springframework.http.ResponseEntity com.project.eduapp.controllers.ProgressController.createOrder(com.project.eduapp.dtos.OrderDTO,org.springframework.validation.BindingResult) throws java.lang.Exception
2024-08-19 02:04:28.823 [main] DEBUG o.s.s.a.m.DelegatingMethodSecurityMetadataSource - Caching method [CacheKey[com.project.eduapp.controllers.ProgressController; public org.springframework.http.ResponseEntity com.project.eduapp.controllers.ProgressController.createOrder(com.project.eduapp.dtos.OrderDTO,org.springframework.validation.BindingResult) throws java.lang.Exception]] with attributes [[authorize: 'hasRole('ROLE_ADMIN') or hasRole('ROLE_USER')', filter: 'null', filterTarget: 'null']]
2024-08-19 02:04:28.829 [main] DEBUG o.s.s.a.p.PrePostAnnotationSecurityMetadataSource - @org.springframework.security.access.prepost.PreAuthorize("hasRole(\'ROLE_ADMIN\')") found on specific method: public org.springframework.http.ResponseEntity com.project.eduapp.controllers.ProgressController.deleteOrder(java.lang.Long)
2024-08-19 02:04:28.829 [main] DEBUG o.s.s.a.m.DelegatingMethodSecurityMetadataSource - Caching method [CacheKey[com.project.eduapp.controllers.ProgressController; public org.springframework.http.ResponseEntity com.project.eduapp.controllers.ProgressController.deleteOrder(java.lang.Long)]] with attributes [[authorize: 'hasRole('ROLE_ADMIN')', filter: 'null', filterTarget: 'null']]
2024-08-19 02:04:28.829 [main] DEBUG o.s.s.a.p.PrePostAnnotationSecurityMetadataSource - @org.springframework.security.access.prepost.PreAuthorize("hasRole(\'ROLE_ADMIN\')") found on specific method: public org.springframework.http.ResponseEntity com.project.eduapp.controllers.ProgressController.updateOrder(long,com.project.eduapp.dtos.OrderDTO) throws java.lang.Exception
2024-08-19 02:04:28.830 [main] DEBUG o.s.s.a.m.DelegatingMethodSecurityMetadataSource - Caching method [CacheKey[com.project.eduapp.controllers.ProgressController; public org.springframework.http.ResponseEntity com.project.eduapp.controllers.ProgressController.updateOrder(long,com.project.eduapp.dtos.OrderDTO) throws java.lang.Exception]] with attributes [[authorize: 'hasRole('ROLE_ADMIN')', filter: 'null', filterTarget: 'null']]
2024-08-19 02:04:28.854 [main] DEBUG o.s.s.a.p.PrePostAnnotationSecurityMetadataSource - @org.springframework.security.access.prepost.PreAuthorize("hasRole(\'ROLE_ADMIN\') or hasRole(\'ROLE_USER\')") found on specific method: public org.springframework.http.ResponseEntity com.project.eduapp.controllers.ProgressDetailController.createOrderDetail(com.project.eduapp.dtos.OrderDetailDTO) throws java.lang.Exception
2024-08-19 02:04:28.854 [main] DEBUG o.s.s.a.m.DelegatingMethodSecurityMetadataSource - Caching method [CacheKey[com.project.eduapp.controllers.ProgressDetailController; public org.springframework.http.ResponseEntity com.project.eduapp.controllers.ProgressDetailController.createOrderDetail(com.project.eduapp.dtos.OrderDetailDTO) throws java.lang.Exception]] with attributes [[authorize: 'hasRole('ROLE_ADMIN') or hasRole('ROLE_USER')', filter: 'null', filterTarget: 'null']]
2024-08-19 02:04:28.859 [main] DEBUG o.s.s.a.p.PrePostAnnotationSecurityMetadataSource - @org.springframework.security.access.prepost.PreAuthorize("hasRole(\'ROLE_ADMIN\') or hasRole(\'ROLE_USER\')") found on specific method: public org.springframework.http.ResponseEntity com.project.eduapp.controllers.ProgressDetailController.deleteOrderDetail(java.lang.Long)
2024-08-19 02:04:28.862 [main] DEBUG o.s.s.a.m.DelegatingMethodSecurityMetadataSource - Caching method [CacheKey[com.project.eduapp.controllers.ProgressDetailController; public org.springframework.http.ResponseEntity com.project.eduapp.controllers.ProgressDetailController.deleteOrderDetail(java.lang.Long)]] with attributes [[authorize: 'hasRole('ROLE_ADMIN') or hasRole('ROLE_USER')', filter: 'null', filterTarget: 'null']]
2024-08-19 02:04:28.863 [main] DEBUG o.s.s.a.p.PrePostAnnotationSecurityMetadataSource - @org.springframework.security.access.prepost.PreAuthorize("hasRole(\'ROLE_ADMIN\') or hasRole(\'ROLE_USER\')") found on specific method: public org.springframework.http.ResponseEntity com.project.eduapp.controllers.ProgressDetailController.updateOrderDetail(java.lang.Long,com.project.eduapp.dtos.OrderDetailDTO) throws com.project.eduapp.exceptions.DataNotFoundException,java.lang.Exception
2024-08-19 02:04:28.864 [main] DEBUG o.s.s.a.m.DelegatingMethodSecurityMetadataSource - Caching method [CacheKey[com.project.eduapp.controllers.ProgressDetailController; public org.springframework.http.ResponseEntity com.project.eduapp.controllers.ProgressDetailController.updateOrderDetail(java.lang.Long,com.project.eduapp.dtos.OrderDetailDTO) throws com.project.eduapp.exceptions.DataNotFoundException,java.lang.Exception]] with attributes [[authorize: 'hasRole('ROLE_ADMIN') or hasRole('ROLE_USER')', filter: 'null', filterTarget: 'null']]
2024-08-19 02:04:29.368 [main] DEBUG o.s.s.a.p.PrePostAnnotationSecurityMetadataSource - @org.springframework.security.access.prepost.PreAuthorize("hasRole(\'ROLE_ADMIN\')") found on specific method: public org.springframework.http.ResponseEntity com.project.eduapp.controllers.UserController.blockOrEnable(long,int) throws java.lang.Exception
2024-08-19 02:04:29.369 [main] DEBUG o.s.s.a.m.DelegatingMethodSecurityMetadataSource - Caching method [CacheKey[com.project.eduapp.controllers.UserController; public org.springframework.http.ResponseEntity com.project.eduapp.controllers.UserController.blockOrEnable(long,int) throws java.lang.Exception]] with attributes [[authorize: 'hasRole('ROLE_ADMIN')', filter: 'null', filterTarget: 'null']]
2024-08-19 02:04:29.383 [main] DEBUG o.s.s.a.p.PrePostAnnotationSecurityMetadataSource - @org.springframework.security.access.prepost.PreAuthorize("hasRole(\'ROLE_ADMIN\')") found on specific method: public org.springframework.http.ResponseEntity com.project.eduapp.controllers.UserController.resetPassword(long)
2024-08-19 02:04:29.384 [main] DEBUG o.s.s.a.m.DelegatingMethodSecurityMetadataSource - Caching method [CacheKey[com.project.eduapp.controllers.UserController; public org.springframework.http.ResponseEntity com.project.eduapp.controllers.UserController.resetPassword(long)]] with attributes [[authorize: 'hasRole('ROLE_ADMIN')', filter: 'null', filterTarget: 'null']]
2024-08-19 02:04:29.385 [main] DEBUG o.s.s.a.p.PrePostAnnotationSecurityMetadataSource - @org.springframework.security.access.prepost.PreAuthorize("hasRole(\'ROLE_ADMIN\')") found on specific method: public org.springframework.http.ResponseEntity com.project.eduapp.controllers.UserController.getAllUser(java.lang.String,int,int) throws java.lang.Exception
2024-08-19 02:04:29.385 [main] DEBUG o.s.s.a.m.DelegatingMethodSecurityMetadataSource - Caching method [CacheKey[com.project.eduapp.controllers.UserController; public org.springframework.http.ResponseEntity com.project.eduapp.controllers.UserController.getAllUser(java.lang.String,int,int) throws java.lang.Exception]] with attributes [[authorize: 'hasRole('ROLE_ADMIN')', filter: 'null', filterTarget: 'null']]
2024-08-19 02:04:29.386 [main] DEBUG o.s.s.a.p.PrePostAnnotationSecurityMetadataSource - @org.springframework.security.access.prepost.PreAuthorize("hasRole(\'ROLE_ADMIN\') or hasRole(\'ROLE_USER\')") found on specific method: public org.springframework.http.ResponseEntity com.project.eduapp.controllers.UserController.updateUserDetails(java.lang.Long,com.project.eduapp.dtos.UpdateUserDTO,java.lang.String) throws java.lang.Exception
2024-08-19 02:04:29.387 [main] DEBUG o.s.s.a.m.DelegatingMethodSecurityMetadataSource - Caching method [CacheKey[com.project.eduapp.controllers.UserController; public org.springframework.http.ResponseEntity com.project.eduapp.controllers.UserController.updateUserDetails(java.lang.Long,com.project.eduapp.dtos.UpdateUserDTO,java.lang.String) throws java.lang.Exception]] with attributes [[authorize: 'hasRole('ROLE_ADMIN') or hasRole('ROLE_USER')', filter: 'null', filterTarget: 'null']]
2024-08-19 02:04:29.388 [main] DEBUG o.s.s.a.p.PrePostAnnotationSecurityMetadataSource - @org.springframework.security.access.prepost.PreAuthorize("hasRole(\'ROLE_ADMIN\') or hasRole(\'ROLE_USER\')") found on specific method: public org.springframework.http.ResponseEntity com.project.eduapp.controllers.UserController.getUserDetails(java.lang.String) throws java.lang.Exception
2024-08-19 02:04:29.388 [main] DEBUG o.s.s.a.m.DelegatingMethodSecurityMetadataSource - Caching method [CacheKey[com.project.eduapp.controllers.UserController; public org.springframework.http.ResponseEntity com.project.eduapp.controllers.UserController.getUserDetails(java.lang.String) throws java.lang.Exception]] with attributes [[authorize: 'hasRole('ROLE_ADMIN') or hasRole('ROLE_USER')', filter: 'null', filterTarget: 'null']]
2024-08-19 02:04:30.126 [main] INFO  o.s.s.web.DefaultSecurityFilterChain - Will secure Or [Mvc [pattern='EndpointRequestMatcher includes=[*], excludes=[], includeLinks=true']] with [org.springframework.security.web.session.DisableEncodeUrlFilter@43853f89, org.springframework.security.web.context.request.async.WebAsyncManagerIntegrationFilter@5a405b0f, org.springframework.security.web.context.SecurityContextHolderFilter@37cf8e35, org.springframework.security.web.header.HeaderWriterFilter@6f19184c, org.springframework.security.web.authentication.logout.LogoutFilter@43b1be5a, com.project.eduapp.filters.JwtTokenFilter@3fa27158, org.springframework.security.web.savedrequest.RequestCacheAwareFilter@57594b, org.springframework.security.web.servletapi.SecurityContextHolderAwareRequestFilter@2c9393b4, org.springframework.security.web.authentication.AnonymousAuthenticationFilter@71529154, org.springframework.security.web.access.ExceptionTranslationFilter@4ac5bbc8, org.springframework.security.web.access.intercept.AuthorizationFilter@6581985b]
2024-08-19 02:04:30.157 [main] WARN  o.s.s.c.a.web.builders.WebSecurity - 

********************************************************************
**********        Security debugging is enabled.       *************
**********    This may include sensitive information.  *************
**********      Do not use in a production system!     *************
********************************************************************


2024-08-19 02:04:32.334 [main] INFO  o.a.k.c.admin.AdminClientConfig - AdminClientConfig values: 
	auto.include.jmx.reporter = true
	bootstrap.servers = [localhost:9092]
	client.dns.lookup = use_all_dns_ips
	client.id = 
	connections.max.idle.ms = 300000
	default.api.timeout.ms = 60000
	metadata.max.age.ms = 300000
	metric.reporters = []
	metrics.num.samples = 2
	metrics.recording.level = INFO
	metrics.sample.window.ms = 30000
	receive.buffer.bytes = 65536
	reconnect.backoff.max.ms = 1000
	reconnect.backoff.ms = 50
	request.timeout.ms = 30000
	retries = 2147483647
	retry.backoff.ms = 100
	sasl.client.callback.handler.class = null
	sasl.jaas.config = null
	sasl.kerberos.kinit.cmd = /usr/bin/kinit
	sasl.kerberos.min.time.before.relogin = 60000
	sasl.kerberos.service.name = null
	sasl.kerberos.ticket.renew.jitter = 0.05
	sasl.kerberos.ticket.renew.window.factor = 0.8
	sasl.login.callback.handler.class = null
	sasl.login.class = null
	sasl.login.connect.timeout.ms = null
	sasl.login.read.timeout.ms = null
	sasl.login.refresh.buffer.seconds = 300
	sasl.login.refresh.min.period.seconds = 60
	sasl.login.refresh.window.factor = 0.8
	sasl.login.refresh.window.jitter = 0.05
	sasl.login.retry.backoff.max.ms = 10000
	sasl.login.retry.backoff.ms = 100
	sasl.mechanism = GSSAPI
	sasl.oauthbearer.clock.skew.seconds = 30
	sasl.oauthbearer.expected.audience = null
	sasl.oauthbearer.expected.issuer = null
	sasl.oauthbearer.jwks.endpoint.refresh.ms = 3600000
	sasl.oauthbearer.jwks.endpoint.retry.backoff.max.ms = 10000
	sasl.oauthbearer.jwks.endpoint.retry.backoff.ms = 100
	sasl.oauthbearer.jwks.endpoint.url = null
	sasl.oauthbearer.scope.claim.name = scope
	sasl.oauthbearer.sub.claim.name = sub
	sasl.oauthbearer.token.endpoint.url = null
	security.protocol = PLAINTEXT
	security.providers = null
	send.buffer.bytes = 131072
	socket.connection.setup.timeout.max.ms = 30000
	socket.connection.setup.timeout.ms = 10000
	ssl.cipher.suites = null
	ssl.enabled.protocols = [TLSv1.2, TLSv1.3]
	ssl.endpoint.identification.algorithm = https
	ssl.engine.factory.class = null
	ssl.key.password = null
	ssl.keymanager.algorithm = SunX509
	ssl.keystore.certificate.chain = null
	ssl.keystore.key = null
	ssl.keystore.location = null
	ssl.keystore.password = null
	ssl.keystore.type = JKS
	ssl.protocol = TLSv1.3
	ssl.provider = null
	ssl.secure.random.implementation = null
	ssl.trustmanager.algorithm = PKIX
	ssl.truststore.certificates = null
	ssl.truststore.location = null
	ssl.truststore.password = null
	ssl.truststore.type = JKS

2024-08-19 02:04:32.729 [main] INFO  o.a.kafka.common.utils.AppInfoParser - Kafka version: 3.4.1
2024-08-19 02:04:32.729 [main] INFO  o.a.kafka.common.utils.AppInfoParser - Kafka commitId: 8a516edc2755df89
2024-08-19 02:04:32.730 [main] INFO  o.a.kafka.common.utils.AppInfoParser - Kafka startTimeMs: 1724007872725
2024-08-19 02:04:33.954 [kafka-admin-client-thread | adminclient-1] INFO  o.a.kafka.common.utils.AppInfoParser - App info kafka.admin.client for adminclient-1 unregistered
2024-08-19 02:04:33.965 [kafka-admin-client-thread | adminclient-1] INFO  o.a.kafka.common.metrics.Metrics - Metrics scheduler closed
2024-08-19 02:04:33.966 [kafka-admin-client-thread | adminclient-1] INFO  o.a.kafka.common.metrics.Metrics - Closing reporter org.apache.kafka.common.metrics.JmxReporter
2024-08-19 02:04:33.966 [kafka-admin-client-thread | adminclient-1] INFO  o.a.kafka.common.metrics.Metrics - Metrics reporters closed
2024-08-19 02:04:33.977 [main] INFO  o.a.coyote.http11.Http11NioProtocol - Starting ProtocolHandler ["http-nio-8088"]
2024-08-19 02:04:34.046 [main] INFO  o.s.b.w.e.tomcat.TomcatWebServer - Tomcat started on port(s): 8088 (http) with context path ''
2024-08-19 02:04:34.114 [main] INFO  o.a.k.c.consumer.ConsumerConfig - ConsumerConfig values: 
	allow.auto.create.topics = true
	auto.commit.interval.ms = 5000
	auto.include.jmx.reporter = true
	auto.offset.reset = latest
	bootstrap.servers = [localhost:9092]
	check.crcs = true
	client.dns.lookup = use_all_dns_ips
	client.id = consumer-groupA-1
	client.rack = 
	connections.max.idle.ms = 540000
	default.api.timeout.ms = 60000
	enable.auto.commit = false
	exclude.internal.topics = true
	fetch.max.bytes = 52428800
	fetch.max.wait.ms = 500
	fetch.min.bytes = 1
	group.id = groupA
	group.instance.id = null
	heartbeat.interval.ms = 3000
	interceptor.classes = []
	internal.leave.group.on.close = true
	internal.throw.on.fetch.stable.offset.unsupported = false
	isolation.level = read_uncommitted
	key.deserializer = class org.apache.kafka.common.serialization.StringDeserializer
	max.partition.fetch.bytes = 1048576
	max.poll.interval.ms = 300000
	max.poll.records = 500
	metadata.max.age.ms = 300000
	metric.reporters = []
	metrics.num.samples = 2
	metrics.recording.level = INFO
	metrics.sample.window.ms = 30000
	partition.assignment.strategy = [class org.apache.kafka.clients.consumer.RangeAssignor, class org.apache.kafka.clients.consumer.CooperativeStickyAssignor]
	receive.buffer.bytes = 65536
	reconnect.backoff.max.ms = 1000
	reconnect.backoff.ms = 50
	request.timeout.ms = 30000
	retry.backoff.ms = 100
	sasl.client.callback.handler.class = null
	sasl.jaas.config = null
	sasl.kerberos.kinit.cmd = /usr/bin/kinit
	sasl.kerberos.min.time.before.relogin = 60000
	sasl.kerberos.service.name = null
	sasl.kerberos.ticket.renew.jitter = 0.05
	sasl.kerberos.ticket.renew.window.factor = 0.8
	sasl.login.callback.handler.class = null
	sasl.login.class = null
	sasl.login.connect.timeout.ms = null
	sasl.login.read.timeout.ms = null
	sasl.login.refresh.buffer.seconds = 300
	sasl.login.refresh.min.period.seconds = 60
	sasl.login.refresh.window.factor = 0.8
	sasl.login.refresh.window.jitter = 0.05
	sasl.login.retry.backoff.max.ms = 10000
	sasl.login.retry.backoff.ms = 100
	sasl.mechanism = GSSAPI
	sasl.oauthbearer.clock.skew.seconds = 30
	sasl.oauthbearer.expected.audience = null
	sasl.oauthbearer.expected.issuer = null
	sasl.oauthbearer.jwks.endpoint.refresh.ms = 3600000
	sasl.oauthbearer.jwks.endpoint.retry.backoff.max.ms = 10000
	sasl.oauthbearer.jwks.endpoint.retry.backoff.ms = 100
	sasl.oauthbearer.jwks.endpoint.url = null
	sasl.oauthbearer.scope.claim.name = scope
	sasl.oauthbearer.sub.claim.name = sub
	sasl.oauthbearer.token.endpoint.url = null
	security.protocol = PLAINTEXT
	security.providers = null
	send.buffer.bytes = 131072
	session.timeout.ms = 45000
	socket.connection.setup.timeout.max.ms = 30000
	socket.connection.setup.timeout.ms = 10000
	ssl.cipher.suites = null
	ssl.enabled.protocols = [TLSv1.2, TLSv1.3]
	ssl.endpoint.identification.algorithm = https
	ssl.engine.factory.class = null
	ssl.key.password = null
	ssl.keymanager.algorithm = SunX509
	ssl.keystore.certificate.chain = null
	ssl.keystore.key = null
	ssl.keystore.location = null
	ssl.keystore.password = null
	ssl.keystore.type = JKS
	ssl.protocol = TLSv1.3
	ssl.provider = null
	ssl.secure.random.implementation = null
	ssl.trustmanager.algorithm = PKIX
	ssl.truststore.certificates = null
	ssl.truststore.location = null
	ssl.truststore.password = null
	ssl.truststore.type = JKS
	value.deserializer = class org.apache.kafka.common.serialization.ByteArrayDeserializer

2024-08-19 02:04:34.224 [main] INFO  o.a.kafka.common.utils.AppInfoParser - Kafka version: 3.4.1
2024-08-19 02:04:34.224 [main] INFO  o.a.kafka.common.utils.AppInfoParser - Kafka commitId: 8a516edc2755df89
2024-08-19 02:04:34.224 [main] INFO  o.a.kafka.common.utils.AppInfoParser - Kafka startTimeMs: 1724007874224
2024-08-19 02:04:34.294 [main] INFO  o.a.k.clients.consumer.KafkaConsumer - [Consumer clientId=consumer-groupA-1, groupId=groupA] Subscribed to topic(s): get-all-categories, insert-a-category
2024-08-19 02:04:34.360 [main] INFO  c.project.eduapp.EduappApplication - Started EduappApplication in 46.282 seconds (process running for 48.691)
2024-08-19 02:04:34.399 [groupA-0-C-1] INFO  org.apache.kafka.clients.Metadata - [Consumer clientId=consumer-groupA-1, groupId=groupA] Resetting the last seen epoch of partition get-all-categories-0 to 0 since the associated topicId changed from null to rMZ0bNUsTHK4hE3iocrNLQ
2024-08-19 02:04:34.400 [groupA-0-C-1] INFO  org.apache.kafka.clients.Metadata - [Consumer clientId=consumer-groupA-1, groupId=groupA] Resetting the last seen epoch of partition insert-a-category-0 to 0 since the associated topicId changed from null to 05CKPHgETdipEGuZv96b9g
2024-08-19 02:04:34.401 [groupA-0-C-1] INFO  org.apache.kafka.clients.Metadata - [Consumer clientId=consumer-groupA-1, groupId=groupA] Cluster ID: LaiJbAFjSMWRFq6MEyXiqA
2024-08-19 02:04:34.403 [groupA-0-C-1] INFO  o.a.k.c.c.i.ConsumerCoordinator - [Consumer clientId=consumer-groupA-1, groupId=groupA] Discovered group coordinator 127.0.0.1:9092 (id: 2147483646 rack: null)
2024-08-19 02:04:34.406 [groupA-0-C-1] INFO  o.a.k.c.c.i.ConsumerCoordinator - [Consumer clientId=consumer-groupA-1, groupId=groupA] (Re-)joining group
2024-08-19 02:04:34.470 [groupA-0-C-1] INFO  o.a.k.c.c.i.ConsumerCoordinator - [Consumer clientId=consumer-groupA-1, groupId=groupA] Request joining group due to: need to re-join with the given member-id: consumer-groupA-1-ee659373-e32a-4f43-85a7-0eb4a5600c25
2024-08-19 02:04:34.471 [groupA-0-C-1] INFO  o.a.k.c.c.i.ConsumerCoordinator - [Consumer clientId=consumer-groupA-1, groupId=groupA] Request joining group due to: rebalance failed due to 'The group member needs to have a valid member id before actually entering a consumer group.' (MemberIdRequiredException)
2024-08-19 02:04:34.471 [groupA-0-C-1] INFO  o.a.k.c.c.i.ConsumerCoordinator - [Consumer clientId=consumer-groupA-1, groupId=groupA] (Re-)joining group
2024-08-19 02:04:37.492 [groupA-0-C-1] INFO  o.a.k.c.c.i.ConsumerCoordinator - [Consumer clientId=consumer-groupA-1, groupId=groupA] Successfully joined group with generation Generation{generationId=176, memberId='consumer-groupA-1-ee659373-e32a-4f43-85a7-0eb4a5600c25', protocol='range'}
2024-08-19 02:04:37.495 [groupA-0-C-1] INFO  o.a.k.c.c.i.ConsumerCoordinator - [Consumer clientId=consumer-groupA-1, groupId=groupA] Finished assignment for group at generation 176: {consumer-groupA-1-ee659373-e32a-4f43-85a7-0eb4a5600c25=Assignment(partitions=[get-all-categories-0, insert-a-category-0])}
2024-08-19 02:04:37.507 [groupA-0-C-1] INFO  o.a.k.c.c.i.ConsumerCoordinator - [Consumer clientId=consumer-groupA-1, groupId=groupA] Successfully synced group in generation Generation{generationId=176, memberId='consumer-groupA-1-ee659373-e32a-4f43-85a7-0eb4a5600c25', protocol='range'}
2024-08-19 02:04:37.508 [groupA-0-C-1] INFO  o.a.k.c.c.i.ConsumerCoordinator - [Consumer clientId=consumer-groupA-1, groupId=groupA] Notifying assignor about the new Assignment(partitions=[get-all-categories-0, insert-a-category-0])
2024-08-19 02:04:37.512 [groupA-0-C-1] INFO  o.a.k.c.c.i.ConsumerCoordinator - [Consumer clientId=consumer-groupA-1, groupId=groupA] Adding newly assigned partitions: get-all-categories-0, insert-a-category-0
2024-08-19 02:04:37.533 [groupA-0-C-1] INFO  o.a.k.c.c.i.ConsumerCoordinator - [Consumer clientId=consumer-groupA-1, groupId=groupA] Setting offset for partition get-all-categories-0 to the committed offset FetchPosition{offset=584, offsetEpoch=Optional.empty, currentLeader=LeaderAndEpoch{leader=Optional[127.0.0.1:9092 (id: 1 rack: null)], epoch=0}}
2024-08-19 02:04:37.533 [groupA-0-C-1] INFO  o.a.k.c.c.i.ConsumerCoordinator - [Consumer clientId=consumer-groupA-1, groupId=groupA] Setting offset for partition insert-a-category-0 to the committed offset FetchPosition{offset=0, offsetEpoch=Optional.empty, currentLeader=LeaderAndEpoch{leader=Optional[127.0.0.1:9092 (id: 1 rack: null)], epoch=0}}
2024-08-19 02:04:37.536 [groupA-0-C-1] INFO  o.s.k.l.KafkaMessageListenerContainer - groupA: partitions assigned: [get-all-categories-0, insert-a-category-0]
2024-08-19 02:06:05.192 [http-nio-8088-exec-2] INFO  o.a.c.c.C.[Tomcat].[localhost].[/] - Initializing Spring DispatcherServlet 'dispatcherServlet'
2024-08-19 02:06:05.192 [http-nio-8088-exec-2] INFO  o.s.web.servlet.DispatcherServlet - Initializing Servlet 'dispatcherServlet'
2024-08-19 02:06:05.196 [http-nio-8088-exec-2] INFO  o.s.web.servlet.DispatcherServlet - Completed initialization in 3 ms
2024-08-19 02:06:05.296 [http-nio-8088-exec-1] INFO  Spring Security Debugger - 

************************************************************

Request received for GET '/api/v1/lessons?keyword=&category_id=0&page=0&limit=12':

org.apache.catalina.connector.RequestFacade@35e0e87

servletPath:/api/v1/lessons
pathInfo:null
headers: 
host: localhost:8088
connection: keep-alive
accept: application/json, text/plain, */*
accept-language: *
sec-fetch-mode: cors
user-agent: node
accept-encoding: gzip, deflate


Security filter chain: no match


************************************************************


2024-08-19 02:06:05.298 [http-nio-8088-exec-2] INFO  Spring Security Debugger - 

************************************************************

Request received for GET '/api/v1/categories?page=0&limit=100':

org.apache.catalina.connector.RequestFacade@751e3b55

servletPath:/api/v1/categories
pathInfo:null
headers: 
host: localhost:8088
connection: keep-alive
accept: application/json, text/plain, */*
accept-language: *
sec-fetch-mode: cors
user-agent: node
accept-encoding: gzip, deflate


Security filter chain: no match


************************************************************


2024-08-19 02:06:05.646 [http-nio-8088-exec-2] INFO  c.p.e.c.aspects.PerformanceAspect - Starting execution of getAllCategories
2024-08-19 02:06:05.810 [http-nio-8088-exec-1] INFO  c.p.e.c.aspects.PerformanceAspect - Starting execution of getProducts
2024-08-19 02:06:05.823 [http-nio-8088-exec-1] INFO  c.p.e.controllers.ProductController - keyword = , category_id = 0, page = 0, limit = 12
2024-08-19 02:06:07.112 [http-nio-8088-exec-2] INFO  o.a.k.c.producer.ProducerConfig - ProducerConfig values: 
	acks = -1
	auto.include.jmx.reporter = true
	batch.size = 16384
	bootstrap.servers = [localhost:9092]
	buffer.memory = 33554432
	client.dns.lookup = use_all_dns_ips
	client.id = producer-1
	compression.type = none
	connections.max.idle.ms = 540000
	delivery.timeout.ms = 120000
	enable.idempotence = true
	interceptor.classes = []
	key.serializer = class org.apache.kafka.common.serialization.StringSerializer
	linger.ms = 0
	max.block.ms = 60000
	max.in.flight.requests.per.connection = 5
	max.request.size = 1048576
	metadata.max.age.ms = 300000
	metadata.max.idle.ms = 300000
	metric.reporters = []
	metrics.num.samples = 2
	metrics.recording.level = INFO
	metrics.sample.window.ms = 30000
	partitioner.adaptive.partitioning.enable = true
	partitioner.availability.timeout.ms = 0
	partitioner.class = null
	partitioner.ignore.keys = false
	receive.buffer.bytes = 32768
	reconnect.backoff.max.ms = 1000
	reconnect.backoff.ms = 50
	request.timeout.ms = 30000
	retries = 2147483647
	retry.backoff.ms = 100
	sasl.client.callback.handler.class = null
	sasl.jaas.config = null
	sasl.kerberos.kinit.cmd = /usr/bin/kinit
	sasl.kerberos.min.time.before.relogin = 60000
	sasl.kerberos.service.name = null
	sasl.kerberos.ticket.renew.jitter = 0.05
	sasl.kerberos.ticket.renew.window.factor = 0.8
	sasl.login.callback.handler.class = null
	sasl.login.class = null
	sasl.login.connect.timeout.ms = null
	sasl.login.read.timeout.ms = null
	sasl.login.refresh.buffer.seconds = 300
	sasl.login.refresh.min.period.seconds = 60
	sasl.login.refresh.window.factor = 0.8
	sasl.login.refresh.window.jitter = 0.05
	sasl.login.retry.backoff.max.ms = 10000
	sasl.login.retry.backoff.ms = 100
	sasl.mechanism = GSSAPI
	sasl.oauthbearer.clock.skew.seconds = 30
	sasl.oauthbearer.expected.audience = null
	sasl.oauthbearer.expected.issuer = null
	sasl.oauthbearer.jwks.endpoint.refresh.ms = 3600000
	sasl.oauthbearer.jwks.endpoint.retry.backoff.max.ms = 10000
	sasl.oauthbearer.jwks.endpoint.retry.backoff.ms = 100
	sasl.oauthbearer.jwks.endpoint.url = null
	sasl.oauthbearer.scope.claim.name = scope
	sasl.oauthbearer.sub.claim.name = sub
	sasl.oauthbearer.token.endpoint.url = null
	security.protocol = PLAINTEXT
	security.providers = null
	send.buffer.bytes = 131072
	socket.connection.setup.timeout.max.ms = 30000
	socket.connection.setup.timeout.ms = 10000
	ssl.cipher.suites = null
	ssl.enabled.protocols = [TLSv1.2, TLSv1.3]
	ssl.endpoint.identification.algorithm = https
	ssl.engine.factory.class = null
	ssl.key.password = null
	ssl.keymanager.algorithm = SunX509
	ssl.keystore.certificate.chain = null
	ssl.keystore.key = null
	ssl.keystore.location = null
	ssl.keystore.password = null
	ssl.keystore.type = JKS
	ssl.protocol = TLSv1.3
	ssl.provider = null
	ssl.secure.random.implementation = null
	ssl.trustmanager.algorithm = PKIX
	ssl.truststore.certificates = null
	ssl.truststore.location = null
	ssl.truststore.password = null
	ssl.truststore.type = JKS
	transaction.timeout.ms = 60000
	transactional.id = null
	value.serializer = class org.springframework.kafka.support.serializer.JsonSerializer

2024-08-19 02:06:07.210 [http-nio-8088-exec-2] INFO  o.a.k.clients.producer.KafkaProducer - [Producer clientId=producer-1] Instantiated an idempotent producer.
2024-08-19 02:06:07.511 [http-nio-8088-exec-2] INFO  o.a.kafka.common.utils.AppInfoParser - Kafka version: 3.4.1
2024-08-19 02:06:07.512 [http-nio-8088-exec-2] INFO  o.a.kafka.common.utils.AppInfoParser - Kafka commitId: 8a516edc2755df89
2024-08-19 02:06:07.512 [http-nio-8088-exec-2] INFO  o.a.kafka.common.utils.AppInfoParser - Kafka startTimeMs: 1724007967511
2024-08-19 02:06:07.662 [kafka-producer-network-thread | producer-1] INFO  org.apache.kafka.clients.Metadata - [Producer clientId=producer-1] Resetting the last seen epoch of partition get-all-categories-0 to 0 since the associated topicId changed from null to rMZ0bNUsTHK4hE3iocrNLQ
2024-08-19 02:06:07.663 [kafka-producer-network-thread | producer-1] INFO  org.apache.kafka.clients.Metadata - [Producer clientId=producer-1] Cluster ID: LaiJbAFjSMWRFq6MEyXiqA
2024-08-19 02:06:07.667 [kafka-producer-network-thread | producer-1] INFO  o.a.k.c.p.i.TransactionManager - [Producer clientId=producer-1] ProducerId set to 10002 with epoch 0
2024-08-19 02:06:07.815 [http-nio-8088-exec-2] INFO  c.p.e.c.aspects.PerformanceAspect - Finished execution of getAllCategories
2024-08-19 02:06:07.818 [http-nio-8088-exec-2] INFO  c.p.e.c.aspects.PerformanceAspect - Execution of getAllCategories took 2182 ms
2024-08-19 02:06:09.322 [http-nio-8088-exec-1] INFO  c.p.e.c.aspects.PerformanceAspect - Finished execution of getProducts
2024-08-19 02:06:09.323 [http-nio-8088-exec-1] INFO  c.p.e.c.aspects.PerformanceAspect - Execution of getProducts took 3517 ms
2024-08-19 02:06:26.887 [http-nio-8088-exec-3] INFO  Spring Security Debugger - 

************************************************************

Request received for GET '/api/v1/lessons?keyword=&category_id=0&page=0&limit=12':

org.apache.catalina.connector.RequestFacade@3041bc13

servletPath:/api/v1/lessons
pathInfo:null
headers: 
host: localhost:8088
connection: keep-alive
accept: application/json, text/plain, */*
accept-language: *
sec-fetch-mode: cors
user-agent: node
accept-encoding: gzip, deflate


Security filter chain: no match


************************************************************


2024-08-19 02:06:26.891 [http-nio-8088-exec-3] INFO  c.p.e.c.aspects.PerformanceAspect - Starting execution of getProducts
2024-08-19 02:06:26.893 [http-nio-8088-exec-3] INFO  c.p.e.controllers.ProductController - keyword = , category_id = 0, page = 0, limit = 12
2024-08-19 02:06:26.894 [http-nio-8088-exec-4] INFO  Spring Security Debugger - 

************************************************************

Request received for GET '/api/v1/categories?page=0&limit=100':

org.apache.catalina.connector.RequestFacade@3977e7f5

servletPath:/api/v1/categories
pathInfo:null
headers: 
host: localhost:8088
connection: keep-alive
accept: application/json, text/plain, */*
accept-language: *
sec-fetch-mode: cors
user-agent: node
accept-encoding: gzip, deflate


Security filter chain: no match


************************************************************


2024-08-19 02:06:26.899 [http-nio-8088-exec-4] INFO  c.p.e.c.aspects.PerformanceAspect - Starting execution of getAllCategories
2024-08-19 02:06:26.924 [http-nio-8088-exec-3] INFO  c.p.e.c.aspects.PerformanceAspect - Finished execution of getProducts
2024-08-19 02:06:26.925 [http-nio-8088-exec-3] INFO  c.p.e.c.aspects.PerformanceAspect - Execution of getProducts took 33 ms
2024-08-19 02:06:26.954 [http-nio-8088-exec-4] INFO  c.p.e.c.aspects.PerformanceAspect - Finished execution of getAllCategories
2024-08-19 02:06:26.954 [http-nio-8088-exec-4] INFO  c.p.e.c.aspects.PerformanceAspect - Execution of getAllCategories took 55 ms
